\BOOKMARK [-1][-]{part.1}{I C s l\375 thuyt}{}% 1
\BOOKMARK [0][-]{section.0.1}{Node.js}{part.1}% 2
\BOOKMARK [1][-]{section.0.2}{PM2.js}{section.0.1}% 3
\BOOKMARK [1][-]{section.0.3}{React.js}{section.0.1}% 4
\BOOKMARK [2][-]{subsection.0.3.1}{Declarative}{section.0.3}% 5
\BOOKMARK [2][-]{subsection.0.3.2}{Component-Based}{section.0.3}% 6
\BOOKMARK [2][-]{subsection.0.3.3}{Learn Once, Write Anywhere}{section.0.3}% 7
\BOOKMARK [1][-]{section.0.4}{Next.js}{section.0.1}% 8
\BOOKMARK [1][-]{section.0.5}{GraphQL}{section.0.1}% 9
\BOOKMARK [1][-]{section.0.6}{Apollo Server}{section.0.1}% 10
\BOOKMARK [1][-]{section.0.7}{MongoDB}{section.0.1}% 11
\BOOKMARK [2][-]{subsection.0.7.1}{What is MongoDB?}{section.0.7}% 12
\BOOKMARK [2][-]{subsection.0.7.2}{Summary}{section.0.7}% 13
\BOOKMARK [-1][-]{part.2}{II Ph\342n t\355ch thit k}{}% 14
\BOOKMARK [0][-]{chapter.1}{\320c ta}{part.2}% 15
\BOOKMARK [1][-]{section.1.1}{Gii thiu}{chapter.1}% 16
\BOOKMARK [1][-]{section.1.2}{M\364 ta chung}{chapter.1}% 17
\BOOKMARK [1][-]{section.1.3}{Y\352u cu t\355nh nang}{chapter.1}% 18
\BOOKMARK [1][-]{section.1.4}{Y\352u cu giao din}{chapter.1}% 19
\BOOKMARK [1][-]{section.1.5}{Y\352u cu hi\352u sut}{chapter.1}% 20
\BOOKMARK [1][-]{section.1.6}{Y\352u cu thit k}{chapter.1}% 21
\BOOKMARK [1][-]{section.1.7}{Tin \040v\340 ng\342n s\341ch d t\355nh}{chapter.1}% 22
\BOOKMARK [1][-]{section.1.8}{Phu luc}{chapter.1}% 23
\BOOKMARK [0][-]{chapter.2}{Ph\342n t\355ch}{part.2}% 24
\BOOKMARK [1][-]{section.2.1}{Vai tr\362}{chapter.2}% 25
\BOOKMARK [1][-]{section.2.2}{Hoat ng}{chapter.2}% 26
\BOOKMARK [1][-]{section.2.3}{Ph\342n quyn}{chapter.2}% 27
\BOOKMARK [1][-]{section.2.4}{Resources of the system}{chapter.2}% 28
\BOOKMARK [1][-]{section.2.5}{Goals}{chapter.2}% 29
\BOOKMARK [1][-]{section.2.6}{Features}{chapter.2}% 30
\BOOKMARK [1][-]{section.2.7}{Ph\342n quyn}{chapter.2}% 31
\BOOKMARK [2][-]{subsection.2.7.1}{Owner}{section.2.7}% 32
\BOOKMARK [2][-]{subsection.2.7.2}{Seller}{section.2.7}% 33
\BOOKMARK [0][-]{chapter.3}{Thit k}{part.2}% 34
\BOOKMARK [1][-]{section.3.1}{Usecase Diagram}{chapter.3}% 35
\BOOKMARK [1][-]{section.3.2}{Class Diagram}{chapter.3}% 36
\BOOKMARK [1][-]{section.3.3}{Activity Diagram}{chapter.3}% 37
\BOOKMARK [1][-]{section.3.4}{Kin tr\372c m\341y chu}{chapter.3}% 38
\BOOKMARK [1][-]{section.3.5}{Kin tr\372c ng dung}{chapter.3}% 39
\BOOKMARK [1][-]{section.3.6}{DevOps}{chapter.3}% 40
\BOOKMARK [2][-]{subsection.3.6.1}{Environments definition}{section.3.6}% 41
\BOOKMARK [-1][-]{part.3}{III Trin khai v\340 \341nh gi\341}{}% 42
\BOOKMARK [0][-]{chapter.4}{Trin khai}{part.3}% 43
\BOOKMARK [1][-]{section.4.1}{Requirement}{chapter.4}% 44
\BOOKMARK [2][-]{subsection.4.1.1}{Fundamental}{section.4.1}% 45
\BOOKMARK [2][-]{subsection.4.1.2}{High Level Framework}{section.4.1}% 46
\BOOKMARK [1][-]{section.4.2}{Guide}{chapter.4}% 47
\BOOKMARK [1][-]{section.4.3}{Sources}{chapter.4}% 48
\BOOKMARK [2][-]{subsection.4.3.1}{Github ocopee respository}{section.4.3}% 49
\BOOKMARK [2][-]{subsection.4.3.2}{Github gateway respository}{section.4.3}% 50
\BOOKMARK [2][-]{subsection.4.3.3}{Github accounts respository}{section.4.3}% 51
\BOOKMARK [2][-]{subsection.4.3.4}{Github docs respository}{section.4.3}% 52
\BOOKMARK [2][-]{subsection.4.3.5}{Github sellers respository}{section.4.3}% 53
\BOOKMARK [2][-]{subsection.4.3.6}{Installing and setting}{section.4.3}% 54
\BOOKMARK [2][-]{subsection.4.3.7}{Run server locally}{section.4.3}% 55
\BOOKMARK [0][-]{chapter.5}{Kt qua at c}{part.3}% 56
\BOOKMARK [0][-]{chapter.6}{Nhng vn \040han ch}{part.3}% 57
\BOOKMARK [0][-]{chapter.7}{Hng ph\341t trin}{part.3}% 58
