This is pdfTeX, Version 3.14159265-2.6-1.40.18 (TeX Live 2017/Debian) (preloaded format=pdflatex 2022.4.21)  21 APR 2022 21:25
entering extended mode
 restricted \write18 enabled.
 file:line:error style messages enabled.
 %&-line parsing enabled.
**/home/robert/Documents/Do-an-tot-nghiep/report
(/home/robert/Documents/Do-an-tot-nghiep/report.tex
LaTeX2e <2017-04-15>
Babel <3.18> and hyphenation patterns for 7 language(s) loaded.

! LaTeX Error: File `.cls' not found.

Type X to quit or <RETURN> to proceed,
or enter new name. (Default extension: cls)

Enter file name: 
/home/robert/Documents/Do-an-tot-nghiep/report.tex:2: Emergency stop.
<read *> 
         
l.2 \begin
          {document}^^M
*** (cannot \read from terminal in nonstop modes)

 
Here is how much of TeX's memory you used:
 10 strings out of 494847
 277 string characters out of 6179080
 46224 words of memory out of 5000000
 3433 multiletter control sequences out of 15000+600000
 3640 words of font info for 14 fonts, out of 8000000 for 9000
 59 hyphenation exceptions out of 8191
 10i,0n,7p,79b,8s stack positions out of 5000i,500n,10000p,200000b,80000s
/home/robert/Documents/Do-an-tot-nghiep/report.tex:2:  ==> Fatal error occurred, no output PDF file produced!
